C51 COMPILER V9.54   SAMPLE                                                                11/13/2015 00:01:03 PAGE 1   


C51 COMPILER V9.54, COMPILATION OF MODULE SAMPLE
OBJECT MODULE PLACED IN .\Objects\sample.obj
COMPILER INVOKED BY: C:\Keil_v5\C51\BIN\C51.EXE sample.c OPTIMIZE(8,SPEED) BROWSE DEBUG OBJECTEXTEND PRINT(.\Listings\sa
                    -mple.lst) TABS(2) OBJECT(.\Objects\sample.obj)

line level    source

   1          #include<reg52.h>
   2          
   3          sbit led = P1^0;
   4          
   5          void delay(unsigned char i)
   6          {
   7   1        unsigned int j;
   8   1        for(j=0;j<123;j++);
   9   1      }
*** WARNING C280 IN LINE 5 OF sample.c: 'i': unreferenced local variable
  10          
  11          main()
  12          {
  13   1        while(1)
  14   1        {
  15   2          led = 0;
  16   2          delay(500);
  17   2          led = 1;
  18   2          delay(500);
  19   2        }
  20   1      }


MODULE INFORMATION:   STATIC OVERLAYABLE
   CODE SIZE        =     33    ----
   CONSTANT SIZE    =   ----    ----
   XDATA SIZE       =   ----    ----
   PDATA SIZE       =   ----    ----
   DATA SIZE        =   ----       1
   IDATA SIZE       =   ----    ----
   BIT SIZE         =   ----    ----
END OF MODULE INFORMATION.


C51 COMPILATION COMPLETE.  1 WARNING(S),  0 ERROR(S)
