C51 COMPILER V9.54   MAIN                                                                  11/12/2015 23:00:58 PAGE 1   


C51 COMPILER V9.54, COMPILATION OF MODULE MAIN
OBJECT MODULE PLACED IN MAIN.OBJ
COMPILER INVOKED BY: C:\Keil_v5\C51\BIN\C51.EXE MAIN.C OPTIMIZE(8,SPEED) BROWSE DEBUG OBJECTEXTEND TABS(2)

line level    source

   1          /**HEADER FILES**/
   2          #include<reg52.h>
   3          #include<string.h>
   4          #include<intrins.h>
   5          
   6          /** LED & BUZZER CONNECTIONS **/
   7          sbit buzzer = P3^6;
   8          sbit green = P3^7;
   9          
  10          /**VARIABLES DECLARATION**/
  11          unsigned char s_pass1[]="USERA",s_pass2[]="RESET";
  12          
  13          /**VARIABLES DECLARATION**/
  14          unsigned char a,b,x,mask;
  15          bit busy,noack;
  16          unsigned int temp,account;
  17          char n;
  18          
  19          /**USER DEFINED HEADER FILES**/
  20          #include"delay.h"
  21          #include"lcd.h"
  22          #include"serial.h"
  23          #include"keypad.h"
  24          #include"i2c.h"
  25          #include"sys_init.h"
  26          #include"smartcard.h"
  27          
  28          
  29          /**MAIN FUNCTION**/
  30          void main()
  31          {
  32   1          /** LOCAL VARIABLES DECLARATION **/
  33   1          unsigned char x;
  34   1          sys_init();
  35   1          while(1)
  36   1          {
  37   2            cmd_lcd(0X01);      
  38   2            cmd_lcd(0X80);
  39   2            display_lcd("Waiting For Card....");
  40   2            i=0;
  41   2            r_flag=0;
  42   2            while(!r_flag);
  43   2                
  44   2            if(!(strcmp(buff,"Enter password:")))
  45   2            {
  46   3              cmd_lcd(0x80);
  47   3              display_lcd("card is inserted");
  48   3              cmd_lcd(0xc0);
  49   3              display_lcd("Processing......");
  50   3              delay_ms(500); 
  51   3              print("AAA\n");//SENDING PASSWORD
  52   3              r_flag=0;   
  53   3              while(!r_flag);//WAITING FOR REPLY
  54   3              cmd_lcd(0xc0);
  55   3              i=0;  r_flag=0;
C51 COMPILER V9.54   MAIN                                                                  11/12/2015 23:00:58 PAGE 2   

  56   3              display_lcd(buff);
  57   3            
  58   3              while(!r_flag);//WAITING FOR REPLY
  59   3              cmd_lcd(0x94);
  60   3              display_lcd(buff);
  61   3              print("READ 32 5\n"); //READ DATA FROM SMARTCARD
  62   3              r_flag=0;
  63   3              while(!r_flag);//WAITING FOR REPLY
  64   3          
  65   3              cmd_lcd(0x01);
  66   3              display_lcd(buff);
  67   3              delay_ms(500);
  68   3      
  69   3              if(!(strcmp(buff,s_pass1)))
  70   3              {
  71   4                cmd_lcd(0x80);
  72   4                display_lcd("* UR CARD IS VALID *");
  73   4                for(n=0;n<5;n++)
  74   4                { 
  75   5                  green=1;
  76   5                  delay_ms(100);
  77   5                  green=0;
  78   5                  delay_ms(100);
  79   5                }
  80   4                cmd_lcd(0x94);
  81   4                display_lcd("Pls remove Card.....");
  82   4                r_flag=0;i=0;buff[0]='\0';
  83   4                while(!r_flag);//WAITING FOR REPLY
  84   4                cmd_lcd(0xc0);
  85   4                display_lcd(buff);
  86   4                delay_ms(700);
  87   4          m:      cmd_lcd(0x01);    
  88   4                cmd_lcd(0x80);
  89   4                display_lcd("1:    PAN CARD INFO.");    
  90   4                cmd_lcd(0xC0);
  91   4                display_lcd("2:    ATM TERMINAL  ");    
  92   4                cmd_lcd(0x94);    
  93   4                display_lcd("3:    VOTING SYSTEM ");
  94   4                cmd_lcd(0xd4);    
  95   4                display_lcd("4:      EXIT        ");   
  96   4                do
  97   4                {
  98   5                
  99   5                  x=key();  //WAITINF FOR KEY PRESSING
 100   5                
 101   5                }while((x!='1')&&(x!='2')&&(x!='3')&&(x!='4'));
 102   4              
 103   4                if(x=='1')      
 104   4                  pancard_info(); //PERSONAL INFROMATION
 105   4                else if(x=='2')
 106   4                  atm_terminal();
 107   4                else if(x=='3')
 108   4                    voting();   //VOTING CARD SYSTEM   
 109   4                else if(x=='4')
 110   4                    continue;
 111   4                goto m;
 112   4              }
 113   3              else if(!(strcmp(buff,s_pass2)))
 114   3              {
 115   4                cmd_lcd(0x80);
 116   4                display_lcd("* UR CARD IS VALID *");
 117   4                for(n=0;n<5;n++)
C51 COMPILER V9.54   MAIN                                                                  11/12/2015 23:00:58 PAGE 3   

 118   4                { 
 119   5                  green=1;
 120   5                  delay_ms(100);
 121   5                  green=0;
 122   5                  delay_ms(100);
 123   5                }
 124   4                cmd_lcd(0x94);
 125   4                display_lcd("Pls remove Card.....");
 126   4                r_flag=0;i=0;buff[0]='\0';
 127   4                while(!r_flag);//WAITING FOR REPLY
 128   4                cmd_lcd(0xc0);
 129   4                display_lcd(buff);
 130   4                delay_ms(700);
 131   4                reset_voting();
 132   4              }
 133   3              else
 134   3              {
 135   4                cmd_lcd(0x80);
 136   4                display_lcd("*UR CARD IS INVALID*");
 137   4                for(n=0;n<5;n++)
 138   4                {
 139   5                  buzzer=1;
 140   5                  delay_ms(100);
 141   5                  buzzer=0;
 142   5                  delay_ms(100);
 143   5                }
 144   4                cmd_lcd(0x94);
 145   4                display_lcd("Pls remove Card.");
 146   4                r_flag=0;
 147   4                while(!r_flag);//WAITING FOR REPLY
 148   4                cmd_lcd(0xc0);
 149   4                display_lcd(buff);
 150   4                delay_ms(700);
 151   4              } 
 152   3            }
 153   2            else
 154   2            {
 155   3            
 156   3                cmd_lcd(0x01); 
 157   3                  cmd_lcd(0x80);
 158   3                display_lcd("PLEASE INSERT CARD");
 159   3                cmd_lcd(0xC0);
 160   3                display_lcd("      PROPERLY      "); 
 161   3                delay_ms(1000);                    
 162   3                cmd_lcd(0x01);
 163   3                cmd_lcd(0x94);
 164   3                display_lcd("Pls Remove Card.....");  
 165   3                r_flag=0; 
 166   3            
 167   3                while(!r_flag); 
 168   3                  cmd_lcd(0xd4);
 169   3                display_lcd(buff);  
 170   3                  delay_ms(500);
 171   3              }
 172   2      
 173   2          
 174   2            
 175   2        } //main while loop end
 176   1        
 177   1      } //main loop end
 178           

C51 COMPILER V9.54   MAIN                                                                  11/12/2015 23:00:58 PAGE 4   


MODULE INFORMATION:   STATIC OVERLAYABLE
   CODE SIZE        =   3927    ----
   CONSTANT SIZE    =   1433    ----
   XDATA SIZE       =   ----    ----
   PDATA SIZE       =   ----    ----
   DATA SIZE        =     69      22
   IDATA SIZE       =     51    ----
   BIT SIZE         =      4    ----
END OF MODULE INFORMATION.


C51 COMPILATION COMPLETE.  0 WARNING(S),  0 ERROR(S)
